  [1m[35m (98.6ms)[0m  [1m[35mCREATE DATABASE "tunr_app_api_development" ENCODING = 'unicode'[0m
  [1m[35m (201.7ms)[0m  [1m[35mCREATE DATABASE "tunr_app_api_test" ENCODING = 'unicode'[0m
  [1m[35m (5.9ms)[0m  [1m[35mCREATE TABLE "schema_migrations" ("version" character varying NOT NULL PRIMARY KEY)[0m
  [1m[35m (6.8ms)[0m  [1m[35mCREATE TABLE "ar_internal_metadata" ("key" character varying NOT NULL PRIMARY KEY, "value" character varying, "created_at" timestamp(6) NOT NULL, "updated_at" timestamp(6) NOT NULL)[0m
  [1m[35m (0.3ms)[0m  [1m[34mSELECT pg_try_advisory_lock(1874975070089793210)[0m
  [1m[35m (0.7ms)[0m  [1m[34mSELECT "schema_migrations"."version" FROM "schema_migrations" ORDER BY "schema_migrations"."version" ASC[0m
Migrating to CreateTitles (20200807032606)
  [1m[35m (0.1ms)[0m  [1m[35mBEGIN[0m
  [1m[35m (9.3ms)[0m  [1m[35mCREATE TABLE "songs" ("id" bigserial primary key, "title" character varying, "artist" character varying, "duration" character varying, "favorite" boolean DEFAULT FALSE, "created_at" timestamp(6) NOT NULL, "updated_at" timestamp(6) NOT NULL)[0m
  [1m[36mprimary::SchemaMigration Create (0.5ms)[0m  [1m[32mINSERT INTO "schema_migrations" ("version") VALUES ($1) RETURNING "version"[0m  [["version", "20200807032606"]]
  [1m[35m (0.4ms)[0m  [1m[35mCOMMIT[0m
  [1m[36mActiveRecord::InternalMetadata Load (0.3ms)[0m  [1m[34mSELECT "ar_internal_metadata".* FROM "ar_internal_metadata" WHERE "ar_internal_metadata"."key" = $1 LIMIT $2[0m  [["key", "environment"], ["LIMIT", 1]]
  [1m[35m (0.2ms)[0m  [1m[35mBEGIN[0m
  [1m[36mActiveRecord::InternalMetadata Create (0.7ms)[0m  [1m[32mINSERT INTO "ar_internal_metadata" ("key", "value", "created_at", "updated_at") VALUES ($1, $2, $3, $4) RETURNING "key"[0m  [["key", "environment"], ["value", "development"], ["created_at", "2020-08-07 03:29:09.653322"], ["updated_at", "2020-08-07 03:29:09.653322"]]
  [1m[35m (0.3ms)[0m  [1m[35mCOMMIT[0m
  [1m[35m (0.2ms)[0m  [1m[34mSELECT pg_advisory_unlock(1874975070089793210)[0m
  [1m[35m (0.8ms)[0m  [1m[34mSELECT "schema_migrations"."version" FROM "schema_migrations" ORDER BY "schema_migrations"."version" ASC[0m
  [1m[35m (0.7ms)[0m  [1m[34mSELECT "schema_migrations"."version" FROM "schema_migrations" ORDER BY "schema_migrations"."version" ASC[0m
  [1m[35m (0.1ms)[0m  [1m[35mBEGIN[0m
  [1m[36mSong Create (2.9ms)[0m  [1m[32mINSERT INTO "songs" ("title", "artist", "duration", "created_at", "updated_at") VALUES ($1, $2, $3, $4, $5) RETURNING "id"[0m  [["title", "dont"], ["artist", "bryson tiller"], ["duration", "3:48"], ["created_at", "2020-08-07 03:37:18.384683"], ["updated_at", "2020-08-07 03:37:18.384683"]]
  [1m[35m (0.7ms)[0m  [1m[35mCOMMIT[0m
  [1m[35m (0.2ms)[0m  [1m[35mBEGIN[0m
  [1m[36mSong Create (0.5ms)[0m  [1m[32mINSERT INTO "songs" ("title", "artist", "duration", "created_at", "updated_at") VALUES ($1, $2, $3, $4, $5) RETURNING "id"[0m  [["title", "go crazy"], ["artist", "chris brown"], ["duration", "4:23"], ["created_at", "2020-08-07 03:37:18.393820"], ["updated_at", "2020-08-07 03:37:18.393820"]]
  [1m[35m (0.5ms)[0m  [1m[35mCOMMIT[0m
  [1m[35m (0.1ms)[0m  [1m[35mBEGIN[0m
  [1m[36mSong Create (0.4ms)[0m  [1m[32mINSERT INTO "songs" ("title", "artist", "duration", "created_at", "updated_at") VALUES ($1, $2, $3, $4, $5) RETURNING "id"[0m  [["title", "marvins room"], ["artist", "drake"], ["duration", "5:47"], ["created_at", "2020-08-07 03:37:18.398706"], ["updated_at", "2020-08-07 03:37:18.398706"]]
  [1m[35m (0.4ms)[0m  [1m[35mCOMMIT[0m
  [1m[35m (0.1ms)[0m  [1m[35mBEGIN[0m
  [1m[36mSong Create (0.3ms)[0m  [1m[32mINSERT INTO "songs" ("title", "artist", "duration", "created_at", "updated_at") VALUES ($1, $2, $3, $4, $5) RETURNING "id"[0m  [["title", "pound cake"], ["artist", "drake ft. jay z"], ["duration", "7:14"], ["created_at", "2020-08-07 03:37:18.403189"], ["updated_at", "2020-08-07 03:37:18.403189"]]
  [1m[35m (0.3ms)[0m  [1m[35mCOMMIT[0m
  [1m[35m (0.1ms)[0m  [1m[35mBEGIN[0m
  [1m[36mSong Create (0.3ms)[0m  [1m[32mINSERT INTO "songs" ("title", "artist", "duration", "created_at", "updated_at") VALUES ($1, $2, $3, $4, $5) RETURNING "id"[0m  [["title", "the line"], ["artist", "dvsn"], ["duration", "7:12"], ["created_at", "2020-08-07 03:37:18.406991"], ["updated_at", "2020-08-07 03:37:18.406991"]]
  [1m[35m (0.3ms)[0m  [1m[35mCOMMIT[0m
  [1m[35m (0.1ms)[0m  [1m[35mBEGIN[0m
  [1m[36mSong Create (0.2ms)[0m  [1m[32mINSERT INTO "songs" ("title", "artist", "duration", "created_at", "updated_at") VALUES ($1, $2, $3, $4, $5) RETURNING "id"[0m  [["title", "boo'd up"], ["artist", "ella mai"], ["duration", "4:16"], ["created_at", "2020-08-07 03:37:18.410072"], ["updated_at", "2020-08-07 03:37:18.410072"]]
  [1m[35m (0.4ms)[0m  [1m[35mCOMMIT[0m
  [1m[35m (0.1ms)[0m  [1m[35mBEGIN[0m
  [1m[36mSong Create (0.2ms)[0m  [1m[32mINSERT INTO "songs" ("title", "artist", "duration", "created_at", "updated_at") VALUES ($1, $2, $3, $4, $5) RETURNING "id"[0m  [["title", "immortal"], ["artist", "j. cole"], ["duration", "3:20"], ["created_at", "2020-08-07 03:37:18.413038"], ["updated_at", "2020-08-07 03:37:18.413038"]]
  [1m[35m (0.4ms)[0m  [1m[35mCOMMIT[0m
  [1m[35m (0.1ms)[0m  [1m[35mBEGIN[0m
  [1m[36mSong Create (0.3ms)[0m  [1m[32mINSERT INTO "songs" ("title", "artist", "duration", "created_at", "updated_at") VALUES ($1, $2, $3, $4, $5) RETURNING "id"[0m  [["title", "the worst"], ["artist", "jhene aiko"], ["duration", "4:15"], ["created_at", "2020-08-07 03:37:18.416042"], ["updated_at", "2020-08-07 03:37:18.416042"]]
  [1m[35m (0.4ms)[0m  [1m[35mCOMMIT[0m
  [1m[35m (0.1ms)[0m  [1m[35mBEGIN[0m
  [1m[36mSong Create (0.3ms)[0m  [1m[32mINSERT INTO "songs" ("title", "artist", "duration", "created_at", "updated_at") VALUES ($1, $2, $3, $4, $5) RETURNING "id"[0m  [["title", "mirrors"], ["artist", "justin timberlake"], ["duration", "8:06"], ["created_at", "2020-08-07 03:37:18.419228"], ["updated_at", "2020-08-07 03:37:18.419228"]]
  [1m[35m (0.4ms)[0m  [1m[35mCOMMIT[0m
  [1m[35m (0.1ms)[0m  [1m[35mBEGIN[0m
  [1m[36mSong Create (0.2ms)[0m  [1m[32mINSERT INTO "songs" ("title", "artist", "duration", "created_at", "updated_at") VALUES ($1, $2, $3, $4, $5) RETURNING "id"[0m  [["title", "lets get it on"], ["artist", "marvin gaye"], ["duration", "4:52"], ["created_at", "2020-08-07 03:37:18.422261"], ["updated_at", "2020-08-07 03:37:18.422261"]]
  [1m[35m (0.4ms)[0m  [1m[35mCOMMIT[0m
  [1m[35m (0.2ms)[0m  [1m[35mBEGIN[0m
  [1m[36mSong Create (0.3ms)[0m  [1m[32mINSERT INTO "songs" ("title", "artist", "duration", "created_at", "updated_at") VALUES ($1, $2, $3, $4, $5) RETURNING "id"[0m  [["title", "one wish"], ["artist", "ray j"], ["duration", "5:38"], ["created_at", "2020-08-07 03:37:18.431778"], ["updated_at", "2020-08-07 03:37:18.431778"]]
  [1m[35m (0.4ms)[0m  [1m[35mCOMMIT[0m
  [1m[36mSong Load (0.6ms)[0m  [1m[34mSELECT "songs".* FROM "songs"[0m
Started GET "/" for ::1 at 2020-08-06 23:39:41 -0400
  [1m[35m (0.8ms)[0m  [1m[34mSELECT "schema_migrations"."version" FROM "schema_migrations" ORDER BY "schema_migrations"."version" ASC[0m
Processing by Rails::WelcomeController#index as HTML
  Rendering /Users/shaiearle/.rbenv/versions/2.7.1/lib/ruby/gems/2.7.0/gems/railties-6.0.3.2/lib/rails/templates/rails/welcome/index.html.erb
  Rendered /Users/shaiearle/.rbenv/versions/2.7.1/lib/ruby/gems/2.7.0/gems/railties-6.0.3.2/lib/rails/templates/rails/welcome/index.html.erb (Duration: 7.5ms | Allocations: 409)
Completed 200 OK in 17ms (Views: 12.4ms | ActiveRecord: 0.0ms | Allocations: 2255)


Started GET "/songs" for ::1 at 2020-08-06 23:39:44 -0400
Processing by SongsController#index as HTML
  [1m[36mSong Load (1.0ms)[0m  [1m[34mSELECT "songs".* FROM "songs"[0m
  ↳ app/controllers/songs_controller.rb:8:in `index'
Completed 200 OK in 20ms (Views: 10.0ms | ActiveRecord: 8.9ms | Allocations: 6822)


Started GET "/sons" for ::1 at 2020-08-06 23:39:45 -0400
  
ActionController::RoutingError (No route matches [GET] "/sons"):
  
actionpack (6.0.3.2) lib/action_dispatch/middleware/debug_exceptions.rb:36:in `call'
actionpack (6.0.3.2) lib/action_dispatch/middleware/show_exceptions.rb:33:in `call'
railties (6.0.3.2) lib/rails/rack/logger.rb:37:in `call_app'
railties (6.0.3.2) lib/rails/rack/logger.rb:26:in `block in call'
activesupport (6.0.3.2) lib/active_support/tagged_logging.rb:80:in `block in tagged'
activesupport (6.0.3.2) lib/active_support/tagged_logging.rb:28:in `tagged'
activesupport (6.0.3.2) lib/active_support/tagged_logging.rb:80:in `tagged'
railties (6.0.3.2) lib/rails/rack/logger.rb:26:in `call'
actionpack (6.0.3.2) lib/action_dispatch/middleware/remote_ip.rb:81:in `call'
actionpack (6.0.3.2) lib/action_dispatch/middleware/request_id.rb:27:in `call'
rack (2.2.3) lib/rack/runtime.rb:22:in `call'
activesupport (6.0.3.2) lib/active_support/cache/strategy/local_cache_middleware.rb:29:in `call'
actionpack (6.0.3.2) lib/action_dispatch/middleware/executor.rb:14:in `call'
actionpack (6.0.3.2) lib/action_dispatch/middleware/static.rb:126:in `call'
rack (2.2.3) lib/rack/sendfile.rb:110:in `call'
actionpack (6.0.3.2) lib/action_dispatch/middleware/host_authorization.rb:82:in `call'
railties (6.0.3.2) lib/rails/engine.rb:527:in `call'
puma (4.3.5) lib/puma/configuration.rb:228:in `call'
puma (4.3.5) lib/puma/server.rb:713:in `handle_request'
puma (4.3.5) lib/puma/server.rb:472:in `process_client'
puma (4.3.5) lib/puma/server.rb:328:in `block in run'
puma (4.3.5) lib/puma/thread_pool.rb:134:in `block in spawn_thread'
Started GET "/songs" for ::1 at 2020-08-06 23:40:01 -0400
Processing by SongsController#index as */*
  Parameters: {"song"=>{"favorite"=>"true"}}
  [1m[36mSong Load (0.5ms)[0m  [1m[34mSELECT "songs".* FROM "songs"[0m
  ↳ app/controllers/songs_controller.rb:8:in `index'
Completed 200 OK in 4ms (Views: 3.0ms | ActiveRecord: 0.5ms | Allocations: 2280)


Started POST "/songs" for ::1 at 2020-08-06 23:40:13 -0400
Processing by SongsController#create as */*
  Parameters: {"song"=>{"title"=>"hello", "artist"=>"adele", "duration"=>"4:30", "favorite"=>"true"}}
[31mUnpermitted parameter: :duration[0m
  [1m[35m (0.1ms)[0m  [1m[35mBEGIN[0m
  ↳ app/controllers/songs_controller.rb:20:in `create'
  [1m[36mSong Create (0.5ms)[0m  [1m[32mINSERT INTO "songs" ("title", "artist", "favorite", "created_at", "updated_at") VALUES ($1, $2, $3, $4, $5) RETURNING "id"[0m  [["title", "hello"], ["artist", "adele"], ["favorite", true], ["created_at", "2020-08-07 03:40:13.017425"], ["updated_at", "2020-08-07 03:40:13.017425"]]
  ↳ app/controllers/songs_controller.rb:20:in `create'
  [1m[35m (0.4ms)[0m  [1m[35mCOMMIT[0m
  ↳ app/controllers/songs_controller.rb:20:in `create'
Completed 201 Created in 5ms (Views: 0.6ms | ActiveRecord: 1.1ms | Allocations: 2835)


Started GET "/songs" for ::1 at 2020-08-06 23:40:16 -0400
Processing by SongsController#index as HTML
  [1m[36mSong Load (0.4ms)[0m  [1m[34mSELECT "songs".* FROM "songs"[0m
  ↳ app/controllers/songs_controller.rb:8:in `index'
Completed 200 OK in 4ms (Views: 3.5ms | ActiveRecord: 0.4ms | Allocations: 2365)


Started GET "/songs" for ::1 at 2020-08-06 23:40:40 -0400
Processing by SongsController#index as HTML
  [1m[36mSong Load (0.5ms)[0m  [1m[34mSELECT "songs".* FROM "songs"[0m
  ↳ app/controllers/songs_controller.rb:8:in `index'
Completed 200 OK in 4ms (Views: 3.0ms | ActiveRecord: 0.5ms | Allocations: 2346)


Started POST "/songs" for ::1 at 2020-08-06 23:40:44 -0400
Processing by SongsController#create as */*
  Parameters: {"song"=>{"title"=>"hello", "artist"=>"adele", "duration"=>"4:30", "favorite"=>"true"}}
[31mUnpermitted parameter: :duration[0m
  [1m[35m (0.1ms)[0m  [1m[35mBEGIN[0m
  ↳ app/controllers/songs_controller.rb:20:in `create'
  [1m[36mSong Create (0.4ms)[0m  [1m[32mINSERT INTO "songs" ("title", "artist", "favorite", "created_at", "updated_at") VALUES ($1, $2, $3, $4, $5) RETURNING "id"[0m  [["title", "hello"], ["artist", "adele"], ["favorite", true], ["created_at", "2020-08-07 03:40:44.036030"], ["updated_at", "2020-08-07 03:40:44.036030"]]
  ↳ app/controllers/songs_controller.rb:20:in `create'
  [1m[35m (1.8ms)[0m  [1m[35mCOMMIT[0m
  ↳ app/controllers/songs_controller.rb:20:in `create'
Completed 201 Created in 7ms (Views: 0.6ms | ActiveRecord: 2.3ms | Allocations: 2571)


Started GET "/songs" for ::1 at 2020-08-06 23:40:46 -0400
Processing by SongsController#index as HTML
  [1m[36mSong Load (0.4ms)[0m  [1m[34mSELECT "songs".* FROM "songs"[0m
  ↳ app/controllers/songs_controller.rb:8:in `index'
Completed 200 OK in 3ms (Views: 2.9ms | ActiveRecord: 0.4ms | Allocations: 2468)


Started DELETE "/songs/13" for ::1 at 2020-08-06 23:41:01 -0400
Processing by SongsController#destroy as */*
  Parameters: {"song"=>{"title"=>"hello", "artist"=>"adele", "duration"=>"4:30", "favorite"=>"true"}, "id"=>"13"}
  [1m[36mSong Load (0.3ms)[0m  [1m[34mSELECT "songs".* FROM "songs" WHERE "songs"."id" = $1 LIMIT $2[0m  [["id", 13], ["LIMIT", 1]]
  ↳ app/controllers/songs_controller.rb:44:in `set_song'
  [1m[35m (0.2ms)[0m  [1m[35mBEGIN[0m
  ↳ app/controllers/songs_controller.rb:38:in `destroy'
  [1m[36mSong Destroy (0.5ms)[0m  [1m[31mDELETE FROM "songs" WHERE "songs"."id" = $1[0m  [["id", 13]]
  ↳ app/controllers/songs_controller.rb:38:in `destroy'
  [1m[35m (4.9ms)[0m  [1m[35mCOMMIT[0m
  ↳ app/controllers/songs_controller.rb:38:in `destroy'
Completed 204 No Content in 23ms (ActiveRecord: 6.2ms | Allocations: 3943)


Started GET "/songs" for ::1 at 2020-08-06 23:41:04 -0400
Processing by SongsController#index as HTML
  [1m[36mSong Load (0.4ms)[0m  [1m[34mSELECT "songs".* FROM "songs"[0m
  ↳ app/controllers/songs_controller.rb:8:in `index'
Completed 200 OK in 4ms (Views: 3.0ms | ActiveRecord: 0.4ms | Allocations: 2346)


Started DELETE "/songs/13" for ::1 at 2020-08-06 23:41:38 -0400
Processing by SongsController#destroy as */*
  Parameters: {"song"=>{"title"=>"rolling In the deep", "duration"=>"3:29"}, "id"=>"13"}
  [1m[36mSong Load (0.3ms)[0m  [1m[34mSELECT "songs".* FROM "songs" WHERE "songs"."id" = $1 LIMIT $2[0m  [["id", 13], ["LIMIT", 1]]
  ↳ app/controllers/songs_controller.rb:44:in `set_song'
Completed 404 Not Found in 1ms (ActiveRecord: 0.3ms | Allocations: 637)


  
ActiveRecord::RecordNotFound (Couldn't find Song with 'id'=13):
  
app/controllers/songs_controller.rb:44:in `set_song'
Started GET "/songs" for ::1 at 2020-08-06 23:41:39 -0400
Processing by SongsController#index as HTML
  [1m[36mSong Load (0.4ms)[0m  [1m[34mSELECT "songs".* FROM "songs"[0m
  ↳ app/controllers/songs_controller.rb:8:in `index'
Completed 200 OK in 4ms (Views: 3.5ms | ActiveRecord: 0.4ms | Allocations: 2345)


Started PUT "/songs/13" for ::1 at 2020-08-06 23:41:53 -0400
Processing by SongsController#update as */*
  Parameters: {"song"=>{"title"=>"rolling In the deep", "duration"=>"3:29"}, "id"=>"13"}
  [1m[36mSong Load (0.3ms)[0m  [1m[34mSELECT "songs".* FROM "songs" WHERE "songs"."id" = $1 LIMIT $2[0m  [["id", 13], ["LIMIT", 1]]
  ↳ app/controllers/songs_controller.rb:44:in `set_song'
Completed 404 Not Found in 1ms (ActiveRecord: 0.3ms | Allocations: 646)


  
ActiveRecord::RecordNotFound (Couldn't find Song with 'id'=13):
  
app/controllers/songs_controller.rb:44:in `set_song'
Started PUT "/songs/12" for ::1 at 2020-08-06 23:42:02 -0400
Processing by SongsController#update as */*
  Parameters: {"song"=>{"title"=>"rolling In the deep", "duration"=>"3:29"}, "id"=>"12"}
  [1m[36mSong Load (0.4ms)[0m  [1m[34mSELECT "songs".* FROM "songs" WHERE "songs"."id" = $1 LIMIT $2[0m  [["id", 12], ["LIMIT", 1]]
  ↳ app/controllers/songs_controller.rb:44:in `set_song'
[31mUnpermitted parameter: :duration[0m
  [1m[35m (0.1ms)[0m  [1m[35mBEGIN[0m
  ↳ app/controllers/songs_controller.rb:29:in `update'
  [1m[36mSong Update (0.5ms)[0m  [1m[33mUPDATE "songs" SET "title" = $1, "updated_at" = $2 WHERE "songs"."id" = $3[0m  [["title", "rolling In the deep"], ["updated_at", "2020-08-07 03:42:02.827159"], ["id", 12]]
  ↳ app/controllers/songs_controller.rb:29:in `update'
  [1m[35m (1.1ms)[0m  [1m[35mCOMMIT[0m
  ↳ app/controllers/songs_controller.rb:29:in `update'
Completed 200 OK in 7ms (Views: 0.3ms | ActiveRecord: 2.0ms | Allocations: 3121)


Started GET "/songs" for ::1 at 2020-08-06 23:42:05 -0400
Processing by SongsController#index as HTML
  [1m[36mSong Load (0.4ms)[0m  [1m[34mSELECT "songs".* FROM "songs"[0m
  ↳ app/controllers/songs_controller.rb:8:in `index'
Completed 200 OK in 4ms (Views: 3.1ms | ActiveRecord: 0.4ms | Allocations: 2346)


